2021-11-15 15:27:14,457 - Log4JLogChute initialized using file 'target\velocity.log'
2021-11-15 15:27:14,458 - Initializing Velocity, Calling init()...
2021-11-15 15:27:14,459 - Starting Apache Velocity v1.7 (compiled: 2010-11-19 12:14:37)
2021-11-15 15:27:14,459 - Default Properties File: org\apache\velocity\runtime\defaults\velocity.properties
2021-11-15 15:27:14,459 - Trying to use logger class org.apache.velocity.runtime.log.AvalonLogChute
2021-11-15 15:27:14,459 - Target log system for org.apache.velocity.runtime.log.AvalonLogChute is not available (java.lang.NoClassDefFoundError: org/apache/log/format/Formatter).  Falling back to next log system...
2021-11-15 15:27:14,459 - Trying to use logger class org.apache.velocity.runtime.log.Log4JLogChute
2021-11-15 15:27:14,460 - Using logger class org.apache.velocity.runtime.log.Log4JLogChute
2021-11-15 15:27:14,466 - ResourceLoader instantiated: org.apache.velocity.runtime.resource.loader.ClasspathResourceLoader
2021-11-15 15:27:14,507 - ResourceCache: initialized (class org.apache.velocity.runtime.resource.ResourceCacheImpl) with class java.util.Collections$SynchronizedMap cache map.
2021-11-15 15:27:14,511 - Loaded System Directive: org.apache.velocity.runtime.directive.Stop
2021-11-15 15:27:14,513 - Loaded System Directive: org.apache.velocity.runtime.directive.Define
2021-11-15 15:27:14,516 - Loaded System Directive: org.apache.velocity.runtime.directive.Break
2021-11-15 15:27:14,517 - Loaded System Directive: org.apache.velocity.runtime.directive.Evaluate
2021-11-15 15:27:14,518 - Loaded System Directive: org.apache.velocity.runtime.directive.Literal
2021-11-15 15:27:14,521 - Loaded System Directive: org.apache.velocity.runtime.directive.Macro
2021-11-15 15:27:14,523 - Loaded System Directive: org.apache.velocity.runtime.directive.Parse
2021-11-15 15:27:14,526 - Loaded System Directive: org.apache.velocity.runtime.directive.Include
2021-11-15 15:27:14,528 - Loaded System Directive: org.apache.velocity.runtime.directive.Foreach
2021-11-15 15:27:14,599 - Created '20' parsers.
2021-11-15 15:27:14,612 - Velocimacro : "velocimacro.library" is not set.  Trying default library: VM_global_library.vm
2021-11-15 15:27:14,614 - Could not load resource 'VM_global_library.vm' from ResourceLoader org.apache.velocity.runtime.resource.loader.ClasspathResourceLoader: ClasspathResourceLoader Error: cannot find resource VM_global_library.vm
2021-11-15 15:27:14,614 - Velocimacro : Default library not found.
2021-11-15 15:27:14,614 - Velocimacro : allowInline = true : VMs can be defined inline in templates
2021-11-15 15:27:14,615 - Velocimacro : allowInlineToOverride = false : VMs defined inline may NOT replace previous VM definitions
2021-11-15 15:27:14,615 - Velocimacro : allowInlineLocal = false : VMs defined inline will be global in scope if allowed.
2021-11-15 15:27:14,615 - Velocimacro : autoload off : VM system will not automatically reload global library macros
2021-11-15 15:27:14,826 - ResourceManager : found templates/generators/errorpage.vm with loader org.apache.velocity.runtime.resource.loader.ClasspathResourceLoader
2021-11-15 15:27:14,836 - ResourceManager : found /templates/headers.vm with loader org.apache.velocity.runtime.resource.loader.ClasspathResourceLoader
2021-11-15 15:27:14,838 - ResourceManager : found /templates/head.vm with loader org.apache.velocity.runtime.resource.loader.ClasspathResourceLoader
2021-11-15 15:27:14,844 - Velocimacro : added VM stringArray: source=/templates/macros/array.js.vm
2021-11-15 15:27:14,844 - Velocimacro : added VM numberArray: source=/templates/macros/array.js.vm
2021-11-15 15:27:14,844 - ResourceManager : found /templates/macros/array.js.vm with loader org.apache.velocity.runtime.resource.loader.ClasspathResourceLoader
2021-11-15 15:27:14,851 - Velocimacro : added VM includeBuildInfo: source=/templates/macros/page/buildinfo.vm
2021-11-15 15:27:14,851 - ResourceManager : found /templates/macros/page/buildinfo.vm with loader org.apache.velocity.runtime.resource.loader.ClasspathResourceLoader
2021-11-15 15:27:14,867 - Velocimacro : added VM includeClassifications: source=/templates/macros/page/classifications.vm
2021-11-15 15:27:14,867 - ResourceManager : found /templates/macros/page/classifications.vm with loader org.apache.velocity.runtime.resource.loader.ClasspathResourceLoader
2021-11-15 15:27:14,878 - Velocimacro : added VM includeLead: source=/templates/macros/page/lead.vm
2021-11-15 15:27:14,878 - ResourceManager : found /templates/macros/page/lead.vm with loader org.apache.velocity.runtime.resource.loader.ClasspathResourceLoader
2021-11-15 15:27:14,886 - Velocimacro : added VM includeNavigation: source=/templates/macros/page/navigation.vm
2021-11-15 15:27:14,886 - ResourceManager : found /templates/macros/page/navigation.vm with loader org.apache.velocity.runtime.resource.loader.ClasspathResourceLoader
2021-11-15 15:27:14,905 - Velocimacro : added VM includeReportInfo: source=/templates/macros/page/reportInfo.vm
2021-11-15 15:27:14,905 - ResourceManager : found /templates/macros/page/reportInfo.vm with loader org.apache.velocity.runtime.resource.loader.ClasspathResourceLoader
2021-11-15 15:27:14,916 - Velocimacro : added VM includeTitle: source=/templates/macros/page/title.vm
2021-11-15 15:27:14,916 - ResourceManager : found /templates/macros/page/title.vm with loader org.apache.velocity.runtime.resource.loader.ClasspathResourceLoader
2021-11-15 15:27:14,918 - Velocimacro : added VM includeExpandingButtons: source=/templates/macros/report/expandAllButtons.vm
2021-11-15 15:27:14,918 - ResourceManager : found /templates/macros/report/expandAllButtons.vm with loader org.apache.velocity.runtime.resource.loader.ClasspathResourceLoader
2021-11-15 15:27:14,929 - Velocimacro : added VM includeReportTable: source=/templates/macros/report/reportTable.vm
2021-11-15 15:27:14,929 - ResourceManager : found /templates/macros/report/reportTable.vm with loader org.apache.velocity.runtime.resource.loader.ClasspathResourceLoader
2021-11-15 15:27:14,933 - Velocimacro : added VM includeReportHeader: source=/templates/macros/report/reportHeader.vm
2021-11-15 15:27:14,934 - ResourceManager : found /templates/macros/report/reportHeader.vm with loader org.apache.velocity.runtime.resource.loader.ClasspathResourceLoader
2021-11-15 15:27:14,944 - Velocimacro : added VM includeStatsTable: source=/templates/macros/report/statsTable.vm
2021-11-15 15:27:14,944 - ResourceManager : found /templates/macros/report/statsTable.vm with loader org.apache.velocity.runtime.resource.loader.ClasspathResourceLoader
2021-11-15 15:27:14,947 - Velocimacro : added VM includeBrief: source=/templates/macros/json/brief.vm
2021-11-15 15:27:14,947 - ResourceManager : found /templates/macros/json/brief.vm with loader org.apache.velocity.runtime.resource.loader.ClasspathResourceLoader
2021-11-15 15:27:14,949 - Velocimacro : added VM includeDocString: source=/templates/macros/json/docstring.vm
2021-11-15 15:27:14,950 - ResourceManager : found /templates/macros/json/docstring.vm with loader org.apache.velocity.runtime.resource.loader.ClasspathResourceLoader
2021-11-15 15:27:14,954 - Velocimacro : added VM includeDuration: source=/templates/macros/json/duration.vm
2021-11-15 15:27:14,954 - ResourceManager : found /templates/macros/json/duration.vm with loader org.apache.velocity.runtime.resource.loader.ClasspathResourceLoader
2021-11-15 15:27:14,967 - Velocimacro : added VM includeElement: source=/templates/macros/json/element.vm
2021-11-15 15:27:14,967 - ResourceManager : found /templates/macros/json/element.vm with loader org.apache.velocity.runtime.resource.loader.ClasspathResourceLoader
2021-11-15 15:27:15,003 - Velocimacro : added VM includeEmbeddings: source=/templates/macros/json/embeddings.vm
2021-11-15 15:27:15,003 - Velocimacro : added VM includeHtmlEmbedding: source=/templates/macros/json/embeddings.vm
2021-11-15 15:27:15,004 - Velocimacro : added VM includeVideoEmbedding: source=/templates/macros/json/embeddings.vm
2021-11-15 15:27:15,007 - Velocimacro : added VM includeImageEmbedding: source=/templates/macros/json/embeddings.vm
2021-11-15 15:27:15,008 - Velocimacro : added VM includeImageReferenceEmbedding: source=/templates/macros/json/embeddings.vm
2021-11-15 15:27:15,009 - Velocimacro : added VM includeTextEmbedding: source=/templates/macros/json/embeddings.vm
2021-11-15 15:27:15,009 - Velocimacro : added VM includeUnknownEmbedding: source=/templates/macros/json/embeddings.vm
2021-11-15 15:27:15,010 - ResourceManager : found /templates/macros/json/embeddings.vm with loader org.apache.velocity.runtime.resource.loader.ClasspathResourceLoader
2021-11-15 15:27:15,026 - Velocimacro : added VM includeHooks: source=/templates/macros/json/hooks.vm
2021-11-15 15:27:15,026 - ResourceManager : found /templates/macros/json/hooks.vm with loader org.apache.velocity.runtime.resource.loader.ClasspathResourceLoader
2021-11-15 15:27:15,034 - Velocimacro : added VM includeOutput: source=/templates/macros/json/output.vm
2021-11-15 15:27:15,034 - ResourceManager : found /templates/macros/json/output.vm with loader org.apache.velocity.runtime.resource.loader.ClasspathResourceLoader
2021-11-15 15:27:15,036 - Velocimacro : added VM includeMessage: source=/templates/macros/json/message.vm
2021-11-15 15:27:15,036 - ResourceManager : found /templates/macros/json/message.vm with loader org.apache.velocity.runtime.resource.loader.ClasspathResourceLoader
2021-11-15 15:27:15,039 - Velocimacro : added VM includeSteps: source=/templates/macros/json/steps.vm
2021-11-15 15:27:15,040 - ResourceManager : found /templates/macros/json/steps.vm with loader org.apache.velocity.runtime.resource.loader.ClasspathResourceLoader
2021-11-15 15:27:15,046 - Velocimacro : added VM includeStepName: source=/templates/macros/json/stepName.vm
2021-11-15 15:27:15,046 - ResourceManager : found /templates/macros/json/stepName.vm with loader org.apache.velocity.runtime.resource.loader.ClasspathResourceLoader
2021-11-15 15:27:15,050 - Velocimacro : added VM includeTags: source=/templates/macros/json/tags.vm
2021-11-15 15:27:15,050 - ResourceManager : found /templates/macros/json/tags.vm with loader org.apache.velocity.runtime.resource.loader.ClasspathResourceLoader
2021-11-15 15:27:15,075 - VM #includeNavigation: too few arguments to macro. Wanted 1 got 0
2021-11-15 15:27:15,079 - Left side ($active_tab) of '==' operation has null value. If it is a reference, it may not be in the context or its toString() returned null. /templates/macros/page/navigation.vm[line 14, column 51]
2021-11-15 15:27:15,079 - Left side ($active_tab) of '==' operation has null value. If it is a reference, it may not be in the context or its toString() returned null. /templates/macros/page/navigation.vm[line 15, column 51]
2021-11-15 15:27:15,079 - Left side ($active_tab) of '==' operation has null value. If it is a reference, it may not be in the context or its toString() returned null. /templates/macros/page/navigation.vm[line 16, column 51]
2021-11-15 15:27:15,079 - Left side ($active_tab) of '==' operation has null value. If it is a reference, it may not be in the context or its toString() returned null. /templates/macros/page/navigation.vm[line 20, column 51]
2021-11-15 15:27:15,138 - ResourceManager : found /templates/footer.vm with loader org.apache.velocity.runtime.resource.loader.ClasspathResourceLoader
2021-11-18 12:46:13,773 - Log4JLogChute initialized using file 'target\velocity.log'
2021-11-18 12:46:13,868 - Initializing Velocity, Calling init()...
2021-11-18 12:46:13,868 - Starting Apache Velocity v1.7 (compiled: 2010-11-19 12:14:37)
2021-11-18 12:46:13,868 - Default Properties File: org\apache\velocity\runtime\defaults\velocity.properties
2021-11-18 12:46:13,868 - Trying to use logger class org.apache.velocity.runtime.log.AvalonLogChute
2021-11-18 12:46:13,869 - Target log system for org.apache.velocity.runtime.log.AvalonLogChute is not available (java.lang.NoClassDefFoundError: org/apache/log/format/Formatter).  Falling back to next log system...
2021-11-18 12:46:13,869 - Trying to use logger class org.apache.velocity.runtime.log.Log4JLogChute
2021-11-18 12:46:13,869 - Using logger class org.apache.velocity.runtime.log.Log4JLogChute
2021-11-18 12:46:13,875 - ResourceLoader instantiated: org.apache.velocity.runtime.resource.loader.ClasspathResourceLoader
2021-11-18 12:46:13,910 - ResourceCache: initialized (class org.apache.velocity.runtime.resource.ResourceCacheImpl) with class java.util.Collections$SynchronizedMap cache map.
2021-11-18 12:46:13,920 - Loaded System Directive: org.apache.velocity.runtime.directive.Stop
2021-11-18 12:46:13,924 - Loaded System Directive: org.apache.velocity.runtime.directive.Define
2021-11-18 12:46:13,927 - Loaded System Directive: org.apache.velocity.runtime.directive.Break
2021-11-18 12:46:13,929 - Loaded System Directive: org.apache.velocity.runtime.directive.Evaluate
2021-11-18 12:46:13,931 - Loaded System Directive: org.apache.velocity.runtime.directive.Literal
2021-11-18 12:46:13,934 - Loaded System Directive: org.apache.velocity.runtime.directive.Macro
2021-11-18 12:46:13,937 - Loaded System Directive: org.apache.velocity.runtime.directive.Parse
2021-11-18 12:46:13,940 - Loaded System Directive: org.apache.velocity.runtime.directive.Include
2021-11-18 12:46:13,944 - Loaded System Directive: org.apache.velocity.runtime.directive.Foreach
2021-11-18 12:46:14,025 - Created '20' parsers.
2021-11-18 12:46:14,045 - Velocimacro : "velocimacro.library" is not set.  Trying default library: VM_global_library.vm
2021-11-18 12:46:14,047 - Could not load resource 'VM_global_library.vm' from ResourceLoader org.apache.velocity.runtime.resource.loader.ClasspathResourceLoader: ClasspathResourceLoader Error: cannot find resource VM_global_library.vm
2021-11-18 12:46:14,048 - Velocimacro : Default library not found.
2021-11-18 12:46:14,048 - Velocimacro : allowInline = true : VMs can be defined inline in templates
2021-11-18 12:46:14,048 - Velocimacro : allowInlineToOverride = false : VMs defined inline may NOT replace previous VM definitions
2021-11-18 12:46:14,048 - Velocimacro : allowInlineLocal = false : VMs defined inline will be global in scope if allowed.
2021-11-18 12:46:14,048 - Velocimacro : autoload off : VM system will not automatically reload global library macros
2021-11-18 12:46:14,336 - ResourceManager : found templates/generators/errorpage.vm with loader org.apache.velocity.runtime.resource.loader.ClasspathResourceLoader
2021-11-18 12:46:14,349 - ResourceManager : found /templates/headers.vm with loader org.apache.velocity.runtime.resource.loader.ClasspathResourceLoader
2021-11-18 12:46:14,351 - ResourceManager : found /templates/head.vm with loader org.apache.velocity.runtime.resource.loader.ClasspathResourceLoader
2021-11-18 12:46:14,357 - Velocimacro : added VM stringArray: source=/templates/macros/array.js.vm
2021-11-18 12:46:14,357 - Velocimacro : added VM numberArray: source=/templates/macros/array.js.vm
2021-11-18 12:46:14,357 - ResourceManager : found /templates/macros/array.js.vm with loader org.apache.velocity.runtime.resource.loader.ClasspathResourceLoader
2021-11-18 12:46:14,367 - Velocimacro : added VM includeBuildInfo: source=/templates/macros/page/buildinfo.vm
2021-11-18 12:46:14,367 - ResourceManager : found /templates/macros/page/buildinfo.vm with loader org.apache.velocity.runtime.resource.loader.ClasspathResourceLoader
2021-11-18 12:46:14,378 - Velocimacro : added VM includeClassifications: source=/templates/macros/page/classifications.vm
2021-11-18 12:46:14,378 - ResourceManager : found /templates/macros/page/classifications.vm with loader org.apache.velocity.runtime.resource.loader.ClasspathResourceLoader
2021-11-18 12:46:14,381 - Velocimacro : added VM includeLead: source=/templates/macros/page/lead.vm
2021-11-18 12:46:14,381 - ResourceManager : found /templates/macros/page/lead.vm with loader org.apache.velocity.runtime.resource.loader.ClasspathResourceLoader
2021-11-18 12:46:14,387 - Velocimacro : added VM includeNavigation: source=/templates/macros/page/navigation.vm
2021-11-18 12:46:14,388 - ResourceManager : found /templates/macros/page/navigation.vm with loader org.apache.velocity.runtime.resource.loader.ClasspathResourceLoader
2021-11-18 12:46:14,406 - Velocimacro : added VM includeReportInfo: source=/templates/macros/page/reportInfo.vm
2021-11-18 12:46:14,407 - ResourceManager : found /templates/macros/page/reportInfo.vm with loader org.apache.velocity.runtime.resource.loader.ClasspathResourceLoader
2021-11-18 12:46:14,423 - Velocimacro : added VM includeTitle: source=/templates/macros/page/title.vm
2021-11-18 12:46:14,424 - ResourceManager : found /templates/macros/page/title.vm with loader org.apache.velocity.runtime.resource.loader.ClasspathResourceLoader
2021-11-18 12:46:14,428 - Velocimacro : added VM includeExpandingButtons: source=/templates/macros/report/expandAllButtons.vm
2021-11-18 12:46:14,428 - ResourceManager : found /templates/macros/report/expandAllButtons.vm with loader org.apache.velocity.runtime.resource.loader.ClasspathResourceLoader
2021-11-18 12:46:14,439 - Velocimacro : added VM includeReportTable: source=/templates/macros/report/reportTable.vm
2021-11-18 12:46:14,439 - ResourceManager : found /templates/macros/report/reportTable.vm with loader org.apache.velocity.runtime.resource.loader.ClasspathResourceLoader
2021-11-18 12:46:14,446 - Velocimacro : added VM includeReportHeader: source=/templates/macros/report/reportHeader.vm
2021-11-18 12:46:14,446 - ResourceManager : found /templates/macros/report/reportHeader.vm with loader org.apache.velocity.runtime.resource.loader.ClasspathResourceLoader
2021-11-18 12:46:14,464 - Velocimacro : added VM includeStatsTable: source=/templates/macros/report/statsTable.vm
2021-11-18 12:46:14,465 - ResourceManager : found /templates/macros/report/statsTable.vm with loader org.apache.velocity.runtime.resource.loader.ClasspathResourceLoader
2021-11-18 12:46:14,475 - Velocimacro : added VM includeBrief: source=/templates/macros/json/brief.vm
2021-11-18 12:46:14,475 - ResourceManager : found /templates/macros/json/brief.vm with loader org.apache.velocity.runtime.resource.loader.ClasspathResourceLoader
2021-11-18 12:46:14,479 - Velocimacro : added VM includeDocString: source=/templates/macros/json/docstring.vm
2021-11-18 12:46:14,480 - ResourceManager : found /templates/macros/json/docstring.vm with loader org.apache.velocity.runtime.resource.loader.ClasspathResourceLoader
2021-11-18 12:46:14,482 - Velocimacro : added VM includeDuration: source=/templates/macros/json/duration.vm
2021-11-18 12:46:14,483 - ResourceManager : found /templates/macros/json/duration.vm with loader org.apache.velocity.runtime.resource.loader.ClasspathResourceLoader
2021-11-18 12:46:14,490 - Velocimacro : added VM includeElement: source=/templates/macros/json/element.vm
2021-11-18 12:46:14,490 - ResourceManager : found /templates/macros/json/element.vm with loader org.apache.velocity.runtime.resource.loader.ClasspathResourceLoader
2021-11-18 12:46:14,520 - Velocimacro : added VM includeEmbeddings: source=/templates/macros/json/embeddings.vm
2021-11-18 12:46:14,522 - Velocimacro : added VM includeHtmlEmbedding: source=/templates/macros/json/embeddings.vm
2021-11-18 12:46:14,522 - Velocimacro : added VM includeVideoEmbedding: source=/templates/macros/json/embeddings.vm
2021-11-18 12:46:14,523 - Velocimacro : added VM includeImageEmbedding: source=/templates/macros/json/embeddings.vm
2021-11-18 12:46:14,523 - Velocimacro : added VM includeImageReferenceEmbedding: source=/templates/macros/json/embeddings.vm
2021-11-18 12:46:14,524 - Velocimacro : added VM includeTextEmbedding: source=/templates/macros/json/embeddings.vm
2021-11-18 12:46:14,524 - Velocimacro : added VM includeUnknownEmbedding: source=/templates/macros/json/embeddings.vm
2021-11-18 12:46:14,524 - ResourceManager : found /templates/macros/json/embeddings.vm with loader org.apache.velocity.runtime.resource.loader.ClasspathResourceLoader
2021-11-18 12:46:14,538 - Velocimacro : added VM includeHooks: source=/templates/macros/json/hooks.vm
2021-11-18 12:46:14,538 - ResourceManager : found /templates/macros/json/hooks.vm with loader org.apache.velocity.runtime.resource.loader.ClasspathResourceLoader
2021-11-18 12:46:14,544 - Velocimacro : added VM includeOutput: source=/templates/macros/json/output.vm
2021-11-18 12:46:14,544 - ResourceManager : found /templates/macros/json/output.vm with loader org.apache.velocity.runtime.resource.loader.ClasspathResourceLoader
2021-11-18 12:46:14,547 - Velocimacro : added VM includeMessage: source=/templates/macros/json/message.vm
2021-11-18 12:46:14,547 - ResourceManager : found /templates/macros/json/message.vm with loader org.apache.velocity.runtime.resource.loader.ClasspathResourceLoader
2021-11-18 12:46:14,556 - Velocimacro : added VM includeSteps: source=/templates/macros/json/steps.vm
2021-11-18 12:46:14,556 - ResourceManager : found /templates/macros/json/steps.vm with loader org.apache.velocity.runtime.resource.loader.ClasspathResourceLoader
2021-11-18 12:46:14,559 - Velocimacro : added VM includeStepName: source=/templates/macros/json/stepName.vm
2021-11-18 12:46:14,565 - ResourceManager : found /templates/macros/json/stepName.vm with loader org.apache.velocity.runtime.resource.loader.ClasspathResourceLoader
2021-11-18 12:46:14,569 - Velocimacro : added VM includeTags: source=/templates/macros/json/tags.vm
2021-11-18 12:46:14,569 - ResourceManager : found /templates/macros/json/tags.vm with loader org.apache.velocity.runtime.resource.loader.ClasspathResourceLoader
2021-11-18 12:46:14,606 - VM #includeNavigation: too few arguments to macro. Wanted 1 got 0
2021-11-18 12:46:14,609 - Left side ($active_tab) of '==' operation has null value. If it is a reference, it may not be in the context or its toString() returned null. /templates/macros/page/navigation.vm[line 14, column 51]
2021-11-18 12:46:14,609 - Left side ($active_tab) of '==' operation has null value. If it is a reference, it may not be in the context or its toString() returned null. /templates/macros/page/navigation.vm[line 15, column 51]
2021-11-18 12:46:14,609 - Left side ($active_tab) of '==' operation has null value. If it is a reference, it may not be in the context or its toString() returned null. /templates/macros/page/navigation.vm[line 16, column 51]
2021-11-18 12:46:14,610 - Left side ($active_tab) of '==' operation has null value. If it is a reference, it may not be in the context or its toString() returned null. /templates/macros/page/navigation.vm[line 20, column 51]
2021-11-18 12:46:14,675 - ResourceManager : found /templates/footer.vm with loader org.apache.velocity.runtime.resource.loader.ClasspathResourceLoader
2021-11-18 12:47:41,293 - Log4JLogChute initialized using file 'target\velocity.log'
2021-11-18 12:47:41,294 - Initializing Velocity, Calling init()...
2021-11-18 12:47:41,294 - Starting Apache Velocity v1.7 (compiled: 2010-11-19 12:14:37)
2021-11-18 12:47:41,294 - Default Properties File: org\apache\velocity\runtime\defaults\velocity.properties
2021-11-18 12:47:41,294 - Trying to use logger class org.apache.velocity.runtime.log.AvalonLogChute
2021-11-18 12:47:41,294 - Target log system for org.apache.velocity.runtime.log.AvalonLogChute is not available (java.lang.NoClassDefFoundError: org/apache/log/format/Formatter).  Falling back to next log system...
2021-11-18 12:47:41,294 - Trying to use logger class org.apache.velocity.runtime.log.Log4JLogChute
2021-11-18 12:47:41,294 - Using logger class org.apache.velocity.runtime.log.Log4JLogChute
2021-11-18 12:47:41,300 - ResourceLoader instantiated: org.apache.velocity.runtime.resource.loader.ClasspathResourceLoader
2021-11-18 12:47:41,329 - ResourceCache: initialized (class org.apache.velocity.runtime.resource.ResourceCacheImpl) with class java.util.Collections$SynchronizedMap cache map.
2021-11-18 12:47:41,335 - Loaded System Directive: org.apache.velocity.runtime.directive.Stop
2021-11-18 12:47:41,340 - Loaded System Directive: org.apache.velocity.runtime.directive.Define
2021-11-18 12:47:41,342 - Loaded System Directive: org.apache.velocity.runtime.directive.Break
2021-11-18 12:47:41,345 - Loaded System Directive: org.apache.velocity.runtime.directive.Evaluate
2021-11-18 12:47:41,347 - Loaded System Directive: org.apache.velocity.runtime.directive.Literal
2021-11-18 12:47:41,350 - Loaded System Directive: org.apache.velocity.runtime.directive.Macro
2021-11-18 12:47:41,356 - Loaded System Directive: org.apache.velocity.runtime.directive.Parse
2021-11-18 12:47:41,359 - Loaded System Directive: org.apache.velocity.runtime.directive.Include
2021-11-18 12:47:41,362 - Loaded System Directive: org.apache.velocity.runtime.directive.Foreach
2021-11-18 12:47:41,434 - Created '20' parsers.
2021-11-18 12:47:41,447 - Velocimacro : "velocimacro.library" is not set.  Trying default library: VM_global_library.vm
2021-11-18 12:47:41,449 - Could not load resource 'VM_global_library.vm' from ResourceLoader org.apache.velocity.runtime.resource.loader.ClasspathResourceLoader: ClasspathResourceLoader Error: cannot find resource VM_global_library.vm
2021-11-18 12:47:41,449 - Velocimacro : Default library not found.
2021-11-18 12:47:41,449 - Velocimacro : allowInline = true : VMs can be defined inline in templates
2021-11-18 12:47:41,449 - Velocimacro : allowInlineToOverride = false : VMs defined inline may NOT replace previous VM definitions
2021-11-18 12:47:41,449 - Velocimacro : allowInlineLocal = false : VMs defined inline will be global in scope if allowed.
2021-11-18 12:47:41,449 - Velocimacro : autoload off : VM system will not automatically reload global library macros
2021-11-18 12:47:41,699 - ResourceManager : found templates/generators/errorpage.vm with loader org.apache.velocity.runtime.resource.loader.ClasspathResourceLoader
2021-11-18 12:47:41,712 - ResourceManager : found /templates/headers.vm with loader org.apache.velocity.runtime.resource.loader.ClasspathResourceLoader
2021-11-18 12:47:41,714 - ResourceManager : found /templates/head.vm with loader org.apache.velocity.runtime.resource.loader.ClasspathResourceLoader
2021-11-18 12:47:41,721 - Velocimacro : added VM stringArray: source=/templates/macros/array.js.vm
2021-11-18 12:47:41,722 - Velocimacro : added VM numberArray: source=/templates/macros/array.js.vm
2021-11-18 12:47:41,722 - ResourceManager : found /templates/macros/array.js.vm with loader org.apache.velocity.runtime.resource.loader.ClasspathResourceLoader
2021-11-18 12:47:41,729 - Velocimacro : added VM includeBuildInfo: source=/templates/macros/page/buildinfo.vm
2021-11-18 12:47:41,729 - ResourceManager : found /templates/macros/page/buildinfo.vm with loader org.apache.velocity.runtime.resource.loader.ClasspathResourceLoader
2021-11-18 12:47:41,745 - Velocimacro : added VM includeClassifications: source=/templates/macros/page/classifications.vm
2021-11-18 12:47:41,745 - ResourceManager : found /templates/macros/page/classifications.vm with loader org.apache.velocity.runtime.resource.loader.ClasspathResourceLoader
2021-11-18 12:47:41,748 - Velocimacro : added VM includeLead: source=/templates/macros/page/lead.vm
2021-11-18 12:47:41,748 - ResourceManager : found /templates/macros/page/lead.vm with loader org.apache.velocity.runtime.resource.loader.ClasspathResourceLoader
2021-11-18 12:47:41,755 - Velocimacro : added VM includeNavigation: source=/templates/macros/page/navigation.vm
2021-11-18 12:47:41,755 - ResourceManager : found /templates/macros/page/navigation.vm with loader org.apache.velocity.runtime.resource.loader.ClasspathResourceLoader
2021-11-18 12:47:41,768 - Velocimacro : added VM includeReportInfo: source=/templates/macros/page/reportInfo.vm
2021-11-18 12:47:41,768 - ResourceManager : found /templates/macros/page/reportInfo.vm with loader org.apache.velocity.runtime.resource.loader.ClasspathResourceLoader
2021-11-18 12:47:41,772 - Velocimacro : added VM includeTitle: source=/templates/macros/page/title.vm
2021-11-18 12:47:41,772 - ResourceManager : found /templates/macros/page/title.vm with loader org.apache.velocity.runtime.resource.loader.ClasspathResourceLoader
2021-11-18 12:47:41,774 - Velocimacro : added VM includeExpandingButtons: source=/templates/macros/report/expandAllButtons.vm
2021-11-18 12:47:41,775 - ResourceManager : found /templates/macros/report/expandAllButtons.vm with loader org.apache.velocity.runtime.resource.loader.ClasspathResourceLoader
2021-11-18 12:47:41,783 - Velocimacro : added VM includeReportTable: source=/templates/macros/report/reportTable.vm
2021-11-18 12:47:41,784 - ResourceManager : found /templates/macros/report/reportTable.vm with loader org.apache.velocity.runtime.resource.loader.ClasspathResourceLoader
2021-11-18 12:47:41,817 - Velocimacro : added VM includeReportHeader: source=/templates/macros/report/reportHeader.vm
2021-11-18 12:47:41,818 - ResourceManager : found /templates/macros/report/reportHeader.vm with loader org.apache.velocity.runtime.resource.loader.ClasspathResourceLoader
2021-11-18 12:47:41,838 - Velocimacro : added VM includeStatsTable: source=/templates/macros/report/statsTable.vm
2021-11-18 12:47:41,838 - ResourceManager : found /templates/macros/report/statsTable.vm with loader org.apache.velocity.runtime.resource.loader.ClasspathResourceLoader
2021-11-18 12:47:41,848 - Velocimacro : added VM includeBrief: source=/templates/macros/json/brief.vm
2021-11-18 12:47:41,848 - ResourceManager : found /templates/macros/json/brief.vm with loader org.apache.velocity.runtime.resource.loader.ClasspathResourceLoader
2021-11-18 12:47:41,851 - Velocimacro : added VM includeDocString: source=/templates/macros/json/docstring.vm
2021-11-18 12:47:41,851 - ResourceManager : found /templates/macros/json/docstring.vm with loader org.apache.velocity.runtime.resource.loader.ClasspathResourceLoader
2021-11-18 12:47:41,856 - Velocimacro : added VM includeDuration: source=/templates/macros/json/duration.vm
2021-11-18 12:47:41,856 - ResourceManager : found /templates/macros/json/duration.vm with loader org.apache.velocity.runtime.resource.loader.ClasspathResourceLoader
2021-11-18 12:47:41,865 - Velocimacro : added VM includeElement: source=/templates/macros/json/element.vm
2021-11-18 12:47:41,866 - ResourceManager : found /templates/macros/json/element.vm with loader org.apache.velocity.runtime.resource.loader.ClasspathResourceLoader
2021-11-18 12:47:41,894 - Velocimacro : added VM includeEmbeddings: source=/templates/macros/json/embeddings.vm
2021-11-18 12:47:41,895 - Velocimacro : added VM includeHtmlEmbedding: source=/templates/macros/json/embeddings.vm
2021-11-18 12:47:41,899 - Velocimacro : added VM includeVideoEmbedding: source=/templates/macros/json/embeddings.vm
2021-11-18 12:47:41,899 - Velocimacro : added VM includeImageEmbedding: source=/templates/macros/json/embeddings.vm
2021-11-18 12:47:41,899 - Velocimacro : added VM includeImageReferenceEmbedding: source=/templates/macros/json/embeddings.vm
2021-11-18 12:47:41,900 - Velocimacro : added VM includeTextEmbedding: source=/templates/macros/json/embeddings.vm
2021-11-18 12:47:41,900 - Velocimacro : added VM includeUnknownEmbedding: source=/templates/macros/json/embeddings.vm
2021-11-18 12:47:41,901 - ResourceManager : found /templates/macros/json/embeddings.vm with loader org.apache.velocity.runtime.resource.loader.ClasspathResourceLoader
2021-11-18 12:47:41,936 - Velocimacro : added VM includeHooks: source=/templates/macros/json/hooks.vm
2021-11-18 12:47:41,937 - ResourceManager : found /templates/macros/json/hooks.vm with loader org.apache.velocity.runtime.resource.loader.ClasspathResourceLoader
2021-11-18 12:47:41,960 - Velocimacro : added VM includeOutput: source=/templates/macros/json/output.vm
2021-11-18 12:47:41,960 - ResourceManager : found /templates/macros/json/output.vm with loader org.apache.velocity.runtime.resource.loader.ClasspathResourceLoader
2021-11-18 12:47:41,964 - Velocimacro : added VM includeMessage: source=/templates/macros/json/message.vm
2021-11-18 12:47:41,964 - ResourceManager : found /templates/macros/json/message.vm with loader org.apache.velocity.runtime.resource.loader.ClasspathResourceLoader
2021-11-18 12:47:41,974 - Velocimacro : added VM includeSteps: source=/templates/macros/json/steps.vm
2021-11-18 12:47:41,974 - ResourceManager : found /templates/macros/json/steps.vm with loader org.apache.velocity.runtime.resource.loader.ClasspathResourceLoader
2021-11-18 12:47:41,977 - Velocimacro : added VM includeStepName: source=/templates/macros/json/stepName.vm
2021-11-18 12:47:41,977 - ResourceManager : found /templates/macros/json/stepName.vm with loader org.apache.velocity.runtime.resource.loader.ClasspathResourceLoader
2021-11-18 12:47:41,979 - Velocimacro : added VM includeTags: source=/templates/macros/json/tags.vm
2021-11-18 12:47:41,979 - ResourceManager : found /templates/macros/json/tags.vm with loader org.apache.velocity.runtime.resource.loader.ClasspathResourceLoader
2021-11-18 12:47:42,000 - VM #includeNavigation: too few arguments to macro. Wanted 1 got 0
2021-11-18 12:47:42,004 - Left side ($active_tab) of '==' operation has null value. If it is a reference, it may not be in the context or its toString() returned null. /templates/macros/page/navigation.vm[line 14, column 51]
2021-11-18 12:47:42,005 - Left side ($active_tab) of '==' operation has null value. If it is a reference, it may not be in the context or its toString() returned null. /templates/macros/page/navigation.vm[line 15, column 51]
2021-11-18 12:47:42,005 - Left side ($active_tab) of '==' operation has null value. If it is a reference, it may not be in the context or its toString() returned null. /templates/macros/page/navigation.vm[line 16, column 51]
2021-11-18 12:47:42,005 - Left side ($active_tab) of '==' operation has null value. If it is a reference, it may not be in the context or its toString() returned null. /templates/macros/page/navigation.vm[line 20, column 51]
2021-11-18 12:47:42,078 - ResourceManager : found /templates/footer.vm with loader org.apache.velocity.runtime.resource.loader.ClasspathResourceLoader
2021-11-18 12:49:41,630 - Log4JLogChute initialized using file 'target\velocity.log'
2021-11-18 12:49:41,631 - Initializing Velocity, Calling init()...
2021-11-18 12:49:41,631 - Starting Apache Velocity v1.7 (compiled: 2010-11-19 12:14:37)
2021-11-18 12:49:41,632 - Default Properties File: org\apache\velocity\runtime\defaults\velocity.properties
2021-11-18 12:49:41,632 - Trying to use logger class org.apache.velocity.runtime.log.AvalonLogChute
2021-11-18 12:49:41,632 - Target log system for org.apache.velocity.runtime.log.AvalonLogChute is not available (java.lang.NoClassDefFoundError: org/apache/log/format/Formatter).  Falling back to next log system...
2021-11-18 12:49:41,632 - Trying to use logger class org.apache.velocity.runtime.log.Log4JLogChute
2021-11-18 12:49:41,632 - Using logger class org.apache.velocity.runtime.log.Log4JLogChute
2021-11-18 12:49:41,639 - ResourceLoader instantiated: org.apache.velocity.runtime.resource.loader.ClasspathResourceLoader
2021-11-18 12:49:41,670 - ResourceCache: initialized (class org.apache.velocity.runtime.resource.ResourceCacheImpl) with class java.util.Collections$SynchronizedMap cache map.
2021-11-18 12:49:41,678 - Loaded System Directive: org.apache.velocity.runtime.directive.Stop
2021-11-18 12:49:41,681 - Loaded System Directive: org.apache.velocity.runtime.directive.Define
2021-11-18 12:49:41,688 - Loaded System Directive: org.apache.velocity.runtime.directive.Break
2021-11-18 12:49:41,690 - Loaded System Directive: org.apache.velocity.runtime.directive.Evaluate
2021-11-18 12:49:41,693 - Loaded System Directive: org.apache.velocity.runtime.directive.Literal
2021-11-18 12:49:41,696 - Loaded System Directive: org.apache.velocity.runtime.directive.Macro
2021-11-18 12:49:41,700 - Loaded System Directive: org.apache.velocity.runtime.directive.Parse
2021-11-18 12:49:41,703 - Loaded System Directive: org.apache.velocity.runtime.directive.Include
2021-11-18 12:49:41,708 - Loaded System Directive: org.apache.velocity.runtime.directive.Foreach
2021-11-18 12:49:41,789 - Created '20' parsers.
2021-11-18 12:49:41,806 - Velocimacro : "velocimacro.library" is not set.  Trying default library: VM_global_library.vm
2021-11-18 12:49:41,808 - Could not load resource 'VM_global_library.vm' from ResourceLoader org.apache.velocity.runtime.resource.loader.ClasspathResourceLoader: ClasspathResourceLoader Error: cannot find resource VM_global_library.vm
2021-11-18 12:49:41,809 - Velocimacro : Default library not found.
2021-11-18 12:49:41,809 - Velocimacro : allowInline = true : VMs can be defined inline in templates
2021-11-18 12:49:41,809 - Velocimacro : allowInlineToOverride = false : VMs defined inline may NOT replace previous VM definitions
2021-11-18 12:49:41,809 - Velocimacro : allowInlineLocal = false : VMs defined inline will be global in scope if allowed.
2021-11-18 12:49:41,809 - Velocimacro : autoload off : VM system will not automatically reload global library macros
2021-11-18 12:49:42,136 - ResourceManager : found templates/generators/errorpage.vm with loader org.apache.velocity.runtime.resource.loader.ClasspathResourceLoader
2021-11-18 12:49:42,147 - ResourceManager : found /templates/headers.vm with loader org.apache.velocity.runtime.resource.loader.ClasspathResourceLoader
2021-11-18 12:49:42,149 - ResourceManager : found /templates/head.vm with loader org.apache.velocity.runtime.resource.loader.ClasspathResourceLoader
2021-11-18 12:49:42,156 - Velocimacro : added VM stringArray: source=/templates/macros/array.js.vm
2021-11-18 12:49:42,156 - Velocimacro : added VM numberArray: source=/templates/macros/array.js.vm
2021-11-18 12:49:42,156 - ResourceManager : found /templates/macros/array.js.vm with loader org.apache.velocity.runtime.resource.loader.ClasspathResourceLoader
2021-11-18 12:49:42,164 - Velocimacro : added VM includeBuildInfo: source=/templates/macros/page/buildinfo.vm
2021-11-18 12:49:42,164 - ResourceManager : found /templates/macros/page/buildinfo.vm with loader org.apache.velocity.runtime.resource.loader.ClasspathResourceLoader
2021-11-18 12:49:42,190 - Velocimacro : added VM includeClassifications: source=/templates/macros/page/classifications.vm
2021-11-18 12:49:42,191 - ResourceManager : found /templates/macros/page/classifications.vm with loader org.apache.velocity.runtime.resource.loader.ClasspathResourceLoader
2021-11-18 12:49:42,197 - Velocimacro : added VM includeLead: source=/templates/macros/page/lead.vm
2021-11-18 12:49:42,197 - ResourceManager : found /templates/macros/page/lead.vm with loader org.apache.velocity.runtime.resource.loader.ClasspathResourceLoader
2021-11-18 12:49:42,206 - Velocimacro : added VM includeNavigation: source=/templates/macros/page/navigation.vm
2021-11-18 12:49:42,207 - ResourceManager : found /templates/macros/page/navigation.vm with loader org.apache.velocity.runtime.resource.loader.ClasspathResourceLoader
2021-11-18 12:49:42,219 - Velocimacro : added VM includeReportInfo: source=/templates/macros/page/reportInfo.vm
2021-11-18 12:49:42,219 - ResourceManager : found /templates/macros/page/reportInfo.vm with loader org.apache.velocity.runtime.resource.loader.ClasspathResourceLoader
2021-11-18 12:49:42,224 - Velocimacro : added VM includeTitle: source=/templates/macros/page/title.vm
2021-11-18 12:49:42,224 - ResourceManager : found /templates/macros/page/title.vm with loader org.apache.velocity.runtime.resource.loader.ClasspathResourceLoader
2021-11-18 12:49:42,227 - Velocimacro : added VM includeExpandingButtons: source=/templates/macros/report/expandAllButtons.vm
2021-11-18 12:49:42,227 - ResourceManager : found /templates/macros/report/expandAllButtons.vm with loader org.apache.velocity.runtime.resource.loader.ClasspathResourceLoader
2021-11-18 12:49:42,238 - Velocimacro : added VM includeReportTable: source=/templates/macros/report/reportTable.vm
2021-11-18 12:49:42,239 - ResourceManager : found /templates/macros/report/reportTable.vm with loader org.apache.velocity.runtime.resource.loader.ClasspathResourceLoader
2021-11-18 12:49:42,248 - Velocimacro : added VM includeReportHeader: source=/templates/macros/report/reportHeader.vm
2021-11-18 12:49:42,249 - ResourceManager : found /templates/macros/report/reportHeader.vm with loader org.apache.velocity.runtime.resource.loader.ClasspathResourceLoader
2021-11-18 12:49:42,263 - Velocimacro : added VM includeStatsTable: source=/templates/macros/report/statsTable.vm
2021-11-18 12:49:42,264 - ResourceManager : found /templates/macros/report/statsTable.vm with loader org.apache.velocity.runtime.resource.loader.ClasspathResourceLoader
2021-11-18 12:49:42,274 - Velocimacro : added VM includeBrief: source=/templates/macros/json/brief.vm
2021-11-18 12:49:42,274 - ResourceManager : found /templates/macros/json/brief.vm with loader org.apache.velocity.runtime.resource.loader.ClasspathResourceLoader
2021-11-18 12:49:42,278 - Velocimacro : added VM includeDocString: source=/templates/macros/json/docstring.vm
2021-11-18 12:49:42,278 - ResourceManager : found /templates/macros/json/docstring.vm with loader org.apache.velocity.runtime.resource.loader.ClasspathResourceLoader
2021-11-18 12:49:42,281 - Velocimacro : added VM includeDuration: source=/templates/macros/json/duration.vm
2021-11-18 12:49:42,281 - ResourceManager : found /templates/macros/json/duration.vm with loader org.apache.velocity.runtime.resource.loader.ClasspathResourceLoader
2021-11-18 12:49:42,289 - Velocimacro : added VM includeElement: source=/templates/macros/json/element.vm
2021-11-18 12:49:42,289 - ResourceManager : found /templates/macros/json/element.vm with loader org.apache.velocity.runtime.resource.loader.ClasspathResourceLoader
2021-11-18 12:49:42,323 - Velocimacro : added VM includeEmbeddings: source=/templates/macros/json/embeddings.vm
2021-11-18 12:49:42,325 - Velocimacro : added VM includeHtmlEmbedding: source=/templates/macros/json/embeddings.vm
2021-11-18 12:49:42,327 - Velocimacro : added VM includeVideoEmbedding: source=/templates/macros/json/embeddings.vm
2021-11-18 12:49:42,327 - Velocimacro : added VM includeImageEmbedding: source=/templates/macros/json/embeddings.vm
2021-11-18 12:49:42,327 - Velocimacro : added VM includeImageReferenceEmbedding: source=/templates/macros/json/embeddings.vm
2021-11-18 12:49:42,328 - Velocimacro : added VM includeTextEmbedding: source=/templates/macros/json/embeddings.vm
2021-11-18 12:49:42,328 - Velocimacro : added VM includeUnknownEmbedding: source=/templates/macros/json/embeddings.vm
2021-11-18 12:49:42,329 - ResourceManager : found /templates/macros/json/embeddings.vm with loader org.apache.velocity.runtime.resource.loader.ClasspathResourceLoader
2021-11-18 12:49:42,371 - Velocimacro : added VM includeHooks: source=/templates/macros/json/hooks.vm
2021-11-18 12:49:42,371 - ResourceManager : found /templates/macros/json/hooks.vm with loader org.apache.velocity.runtime.resource.loader.ClasspathResourceLoader
2021-11-18 12:49:42,378 - Velocimacro : added VM includeOutput: source=/templates/macros/json/output.vm
2021-11-18 12:49:42,379 - ResourceManager : found /templates/macros/json/output.vm with loader org.apache.velocity.runtime.resource.loader.ClasspathResourceLoader
2021-11-18 12:49:42,381 - Velocimacro : added VM includeMessage: source=/templates/macros/json/message.vm
2021-11-18 12:49:42,381 - ResourceManager : found /templates/macros/json/message.vm with loader org.apache.velocity.runtime.resource.loader.ClasspathResourceLoader
2021-11-18 12:49:42,392 - Velocimacro : added VM includeSteps: source=/templates/macros/json/steps.vm
2021-11-18 12:49:42,392 - ResourceManager : found /templates/macros/json/steps.vm with loader org.apache.velocity.runtime.resource.loader.ClasspathResourceLoader
2021-11-18 12:49:42,394 - Velocimacro : added VM includeStepName: source=/templates/macros/json/stepName.vm
2021-11-18 12:49:42,394 - ResourceManager : found /templates/macros/json/stepName.vm with loader org.apache.velocity.runtime.resource.loader.ClasspathResourceLoader
2021-11-18 12:49:42,397 - Velocimacro : added VM includeTags: source=/templates/macros/json/tags.vm
2021-11-18 12:49:42,397 - ResourceManager : found /templates/macros/json/tags.vm with loader org.apache.velocity.runtime.resource.loader.ClasspathResourceLoader
2021-11-18 12:49:42,425 - VM #includeNavigation: too few arguments to macro. Wanted 1 got 0
2021-11-18 12:49:42,428 - Left side ($active_tab) of '==' operation has null value. If it is a reference, it may not be in the context or its toString() returned null. /templates/macros/page/navigation.vm[line 14, column 51]
2021-11-18 12:49:42,428 - Left side ($active_tab) of '==' operation has null value. If it is a reference, it may not be in the context or its toString() returned null. /templates/macros/page/navigation.vm[line 15, column 51]
2021-11-18 12:49:42,428 - Left side ($active_tab) of '==' operation has null value. If it is a reference, it may not be in the context or its toString() returned null. /templates/macros/page/navigation.vm[line 16, column 51]
2021-11-18 12:49:42,428 - Left side ($active_tab) of '==' operation has null value. If it is a reference, it may not be in the context or its toString() returned null. /templates/macros/page/navigation.vm[line 20, column 51]
2021-11-18 12:49:42,495 - ResourceManager : found /templates/footer.vm with loader org.apache.velocity.runtime.resource.loader.ClasspathResourceLoader
2021-11-18 12:55:31,376 - Log4JLogChute initialized using file 'target\velocity.log'
2021-11-18 12:55:31,378 - Initializing Velocity, Calling init()...
2021-11-18 12:55:31,379 - Starting Apache Velocity v1.7 (compiled: 2010-11-19 12:14:37)
2021-11-18 12:55:31,379 - Default Properties File: org\apache\velocity\runtime\defaults\velocity.properties
2021-11-18 12:55:31,379 - Trying to use logger class org.apache.velocity.runtime.log.AvalonLogChute
2021-11-18 12:55:31,379 - Target log system for org.apache.velocity.runtime.log.AvalonLogChute is not available (java.lang.NoClassDefFoundError: org/apache/log/format/Formatter).  Falling back to next log system...
2021-11-18 12:55:31,379 - Trying to use logger class org.apache.velocity.runtime.log.Log4JLogChute
2021-11-18 12:55:31,380 - Using logger class org.apache.velocity.runtime.log.Log4JLogChute
2021-11-18 12:55:31,387 - ResourceLoader instantiated: org.apache.velocity.runtime.resource.loader.ClasspathResourceLoader
2021-11-18 12:55:31,424 - ResourceCache: initialized (class org.apache.velocity.runtime.resource.ResourceCacheImpl) with class java.util.Collections$SynchronizedMap cache map.
2021-11-18 12:55:31,429 - Loaded System Directive: org.apache.velocity.runtime.directive.Stop
2021-11-18 12:55:31,432 - Loaded System Directive: org.apache.velocity.runtime.directive.Define
2021-11-18 12:55:31,434 - Loaded System Directive: org.apache.velocity.runtime.directive.Break
2021-11-18 12:55:31,436 - Loaded System Directive: org.apache.velocity.runtime.directive.Evaluate
2021-11-18 12:55:31,437 - Loaded System Directive: org.apache.velocity.runtime.directive.Literal
2021-11-18 12:55:31,440 - Loaded System Directive: org.apache.velocity.runtime.directive.Macro
2021-11-18 12:55:31,444 - Loaded System Directive: org.apache.velocity.runtime.directive.Parse
2021-11-18 12:55:31,448 - Loaded System Directive: org.apache.velocity.runtime.directive.Include
2021-11-18 12:55:31,450 - Loaded System Directive: org.apache.velocity.runtime.directive.Foreach
2021-11-18 12:55:31,513 - Created '20' parsers.
2021-11-18 12:55:31,525 - Velocimacro : "velocimacro.library" is not set.  Trying default library: VM_global_library.vm
2021-11-18 12:55:31,527 - Could not load resource 'VM_global_library.vm' from ResourceLoader org.apache.velocity.runtime.resource.loader.ClasspathResourceLoader: ClasspathResourceLoader Error: cannot find resource VM_global_library.vm
2021-11-18 12:55:31,527 - Velocimacro : Default library not found.
2021-11-18 12:55:31,527 - Velocimacro : allowInline = true : VMs can be defined inline in templates
2021-11-18 12:55:31,527 - Velocimacro : allowInlineToOverride = false : VMs defined inline may NOT replace previous VM definitions
2021-11-18 12:55:31,527 - Velocimacro : allowInlineLocal = false : VMs defined inline will be global in scope if allowed.
2021-11-18 12:55:31,527 - Velocimacro : autoload off : VM system will not automatically reload global library macros
2021-11-18 12:55:31,771 - ResourceManager : found templates/generators/errorpage.vm with loader org.apache.velocity.runtime.resource.loader.ClasspathResourceLoader
2021-11-18 12:55:31,782 - ResourceManager : found /templates/headers.vm with loader org.apache.velocity.runtime.resource.loader.ClasspathResourceLoader
2021-11-18 12:55:31,784 - ResourceManager : found /templates/head.vm with loader org.apache.velocity.runtime.resource.loader.ClasspathResourceLoader
2021-11-18 12:55:31,790 - Velocimacro : added VM stringArray: source=/templates/macros/array.js.vm
2021-11-18 12:55:31,790 - Velocimacro : added VM numberArray: source=/templates/macros/array.js.vm
2021-11-18 12:55:31,791 - ResourceManager : found /templates/macros/array.js.vm with loader org.apache.velocity.runtime.resource.loader.ClasspathResourceLoader
2021-11-18 12:55:31,798 - Velocimacro : added VM includeBuildInfo: source=/templates/macros/page/buildinfo.vm
2021-11-18 12:55:31,799 - ResourceManager : found /templates/macros/page/buildinfo.vm with loader org.apache.velocity.runtime.resource.loader.ClasspathResourceLoader
2021-11-18 12:55:31,819 - Velocimacro : added VM includeClassifications: source=/templates/macros/page/classifications.vm
2021-11-18 12:55:31,819 - ResourceManager : found /templates/macros/page/classifications.vm with loader org.apache.velocity.runtime.resource.loader.ClasspathResourceLoader
2021-11-18 12:55:31,829 - Velocimacro : added VM includeLead: source=/templates/macros/page/lead.vm
2021-11-18 12:55:31,829 - ResourceManager : found /templates/macros/page/lead.vm with loader org.apache.velocity.runtime.resource.loader.ClasspathResourceLoader
2021-11-18 12:55:31,836 - Velocimacro : added VM includeNavigation: source=/templates/macros/page/navigation.vm
2021-11-18 12:55:31,836 - ResourceManager : found /templates/macros/page/navigation.vm with loader org.apache.velocity.runtime.resource.loader.ClasspathResourceLoader
2021-11-18 12:55:31,855 - Velocimacro : added VM includeReportInfo: source=/templates/macros/page/reportInfo.vm
2021-11-18 12:55:31,855 - ResourceManager : found /templates/macros/page/reportInfo.vm with loader org.apache.velocity.runtime.resource.loader.ClasspathResourceLoader
2021-11-18 12:55:31,858 - Velocimacro : added VM includeTitle: source=/templates/macros/page/title.vm
2021-11-18 12:55:31,858 - ResourceManager : found /templates/macros/page/title.vm with loader org.apache.velocity.runtime.resource.loader.ClasspathResourceLoader
2021-11-18 12:55:31,866 - Velocimacro : added VM includeExpandingButtons: source=/templates/macros/report/expandAllButtons.vm
2021-11-18 12:55:31,867 - ResourceManager : found /templates/macros/report/expandAllButtons.vm with loader org.apache.velocity.runtime.resource.loader.ClasspathResourceLoader
2021-11-18 12:55:31,884 - Velocimacro : added VM includeReportTable: source=/templates/macros/report/reportTable.vm
2021-11-18 12:55:31,884 - ResourceManager : found /templates/macros/report/reportTable.vm with loader org.apache.velocity.runtime.resource.loader.ClasspathResourceLoader
2021-11-18 12:55:31,890 - Velocimacro : added VM includeReportHeader: source=/templates/macros/report/reportHeader.vm
2021-11-18 12:55:31,890 - ResourceManager : found /templates/macros/report/reportHeader.vm with loader org.apache.velocity.runtime.resource.loader.ClasspathResourceLoader
2021-11-18 12:55:31,903 - Velocimacro : added VM includeStatsTable: source=/templates/macros/report/statsTable.vm
2021-11-18 12:55:31,903 - ResourceManager : found /templates/macros/report/statsTable.vm with loader org.apache.velocity.runtime.resource.loader.ClasspathResourceLoader
2021-11-18 12:55:31,912 - Velocimacro : added VM includeBrief: source=/templates/macros/json/brief.vm
2021-11-18 12:55:31,913 - ResourceManager : found /templates/macros/json/brief.vm with loader org.apache.velocity.runtime.resource.loader.ClasspathResourceLoader
2021-11-18 12:55:31,917 - Velocimacro : added VM includeDocString: source=/templates/macros/json/docstring.vm
2021-11-18 12:55:31,917 - ResourceManager : found /templates/macros/json/docstring.vm with loader org.apache.velocity.runtime.resource.loader.ClasspathResourceLoader
2021-11-18 12:55:31,924 - Velocimacro : added VM includeDuration: source=/templates/macros/json/duration.vm
2021-11-18 12:55:31,924 - ResourceManager : found /templates/macros/json/duration.vm with loader org.apache.velocity.runtime.resource.loader.ClasspathResourceLoader
2021-11-18 12:55:31,939 - Velocimacro : added VM includeElement: source=/templates/macros/json/element.vm
2021-11-18 12:55:31,939 - ResourceManager : found /templates/macros/json/element.vm with loader org.apache.velocity.runtime.resource.loader.ClasspathResourceLoader
2021-11-18 12:55:31,965 - Velocimacro : added VM includeEmbeddings: source=/templates/macros/json/embeddings.vm
2021-11-18 12:55:31,967 - Velocimacro : added VM includeHtmlEmbedding: source=/templates/macros/json/embeddings.vm
2021-11-18 12:55:31,970 - Velocimacro : added VM includeVideoEmbedding: source=/templates/macros/json/embeddings.vm
2021-11-18 12:55:31,971 - Velocimacro : added VM includeImageEmbedding: source=/templates/macros/json/embeddings.vm
2021-11-18 12:55:31,972 - Velocimacro : added VM includeImageReferenceEmbedding: source=/templates/macros/json/embeddings.vm
2021-11-18 12:55:31,973 - Velocimacro : added VM includeTextEmbedding: source=/templates/macros/json/embeddings.vm
2021-11-18 12:55:31,973 - Velocimacro : added VM includeUnknownEmbedding: source=/templates/macros/json/embeddings.vm
2021-11-18 12:55:31,974 - ResourceManager : found /templates/macros/json/embeddings.vm with loader org.apache.velocity.runtime.resource.loader.ClasspathResourceLoader
2021-11-18 12:55:32,016 - Velocimacro : added VM includeHooks: source=/templates/macros/json/hooks.vm
2021-11-18 12:55:32,017 - ResourceManager : found /templates/macros/json/hooks.vm with loader org.apache.velocity.runtime.resource.loader.ClasspathResourceLoader
2021-11-18 12:55:32,032 - Velocimacro : added VM includeOutput: source=/templates/macros/json/output.vm
2021-11-18 12:55:32,032 - ResourceManager : found /templates/macros/json/output.vm with loader org.apache.velocity.runtime.resource.loader.ClasspathResourceLoader
2021-11-18 12:55:32,036 - Velocimacro : added VM includeMessage: source=/templates/macros/json/message.vm
2021-11-18 12:55:32,036 - ResourceManager : found /templates/macros/json/message.vm with loader org.apache.velocity.runtime.resource.loader.ClasspathResourceLoader
2021-11-18 12:55:32,043 - Velocimacro : added VM includeSteps: source=/templates/macros/json/steps.vm
2021-11-18 12:55:32,043 - ResourceManager : found /templates/macros/json/steps.vm with loader org.apache.velocity.runtime.resource.loader.ClasspathResourceLoader
2021-11-18 12:55:32,045 - Velocimacro : added VM includeStepName: source=/templates/macros/json/stepName.vm
2021-11-18 12:55:32,046 - ResourceManager : found /templates/macros/json/stepName.vm with loader org.apache.velocity.runtime.resource.loader.ClasspathResourceLoader
2021-11-18 12:55:32,048 - Velocimacro : added VM includeTags: source=/templates/macros/json/tags.vm
2021-11-18 12:55:32,048 - ResourceManager : found /templates/macros/json/tags.vm with loader org.apache.velocity.runtime.resource.loader.ClasspathResourceLoader
2021-11-18 12:55:32,068 - VM #includeNavigation: too few arguments to macro. Wanted 1 got 0
2021-11-18 12:55:32,070 - Left side ($active_tab) of '==' operation has null value. If it is a reference, it may not be in the context or its toString() returned null. /templates/macros/page/navigation.vm[line 14, column 51]
2021-11-18 12:55:32,070 - Left side ($active_tab) of '==' operation has null value. If it is a reference, it may not be in the context or its toString() returned null. /templates/macros/page/navigation.vm[line 15, column 51]
2021-11-18 12:55:32,071 - Left side ($active_tab) of '==' operation has null value. If it is a reference, it may not be in the context or its toString() returned null. /templates/macros/page/navigation.vm[line 16, column 51]
2021-11-18 12:55:32,071 - Left side ($active_tab) of '==' operation has null value. If it is a reference, it may not be in the context or its toString() returned null. /templates/macros/page/navigation.vm[line 20, column 51]
2021-11-18 12:55:32,137 - ResourceManager : found /templates/footer.vm with loader org.apache.velocity.runtime.resource.loader.ClasspathResourceLoader
